{
  "RSpec": {
    "coverage": {
      "/Users/sarahlee/turing/3module/projects/sweater-weather/app/services/dark_sky_service.rb": [
        1,
        1,
        3,
        3,
        3,
        null,
        null
      ],
      "/Users/sarahlee/turing/3module/projects/sweater-weather/app/services/geocoding_service.rb": [
        1,
        null,
        1,
        3,
        null,
        null,
        null,
        3,
        null,
        null,
        1,
        null,
        1,
        3,
        3,
        null,
        3,
        3,
        null,
        null
      ],
      "/Users/sarahlee/turing/3module/projects/sweater-weather/app/services/unsplash_service.rb": [
        1,
        1,
        2,
        2,
        2,
        null,
        null,
        null,
        1,
        2,
        2,
        null,
        null
      ],
      "/Users/sarahlee/turing/3module/projects/sweater-weather/app/controllers/weather_controller.rb": [
        1,
        1,
        null,
        null
      ],
      "/Users/sarahlee/turing/3module/projects/sweater-weather/app/controllers/application_controller.rb": [
        1,
        null
      ],
      "/Users/sarahlee/turing/3module/projects/sweater-weather/app/models/user.rb": [
        1,
        1,
        1,
        null,
        1,
        1,
        5,
        null,
        null
      ],
      "/Users/sarahlee/turing/3module/projects/sweater-weather/app/models/application_record.rb": [
        1,
        1,
        null
      ],
      "/Users/sarahlee/turing/3module/projects/sweater-weather/app/controllers/user_controller.rb": [
        1,
        null,
        1,
        5,
        5,
        1,
        null,
        0,
        null,
        null,
        null,
        1,
        null,
        1,
        5,
        null,
        null
      ],
      "/Users/sarahlee/turing/3module/projects/sweater-weather/app/controllers/forecast_controller.rb": [
        1,
        1,
        1,
        1,
        null,
        1,
        null,
        null
      ],
      "/Users/sarahlee/turing/3module/projects/sweater-weather/app/models/coordinates.rb": [
        1,
        1,
        1,
        3,
        3,
        null,
        null
      ],
      "/Users/sarahlee/turing/3module/projects/sweater-weather/app/models/weather.rb": [
        1,
        1,
        null,
        null,
        null,
        null,
        null,
        null,
        null,
        null,
        null,
        1,
        2,
        2,
        2,
        2,
        2,
        2,
        2,
        2,
        2,
        null,
        null,
        1,
        2,
        null,
        null,
        null,
        null,
        null,
        10,
        null,
        null,
        null
      ],
      "/Users/sarahlee/turing/3module/projects/sweater-weather/app/serializers/forecast_serializer.rb": [
        1,
        1,
        1,
        1,
        null
      ],
      "/Users/sarahlee/turing/3module/projects/sweater-weather/app/controllers/sessions_controller.rb": [
        1,
        1,
        1,
        null,
        1,
        1,
        0,
        null,
        1,
        null,
        null,
        null,
        1,
        null,
        1,
        1,
        null,
        null
      ],
      "/Users/sarahlee/turing/3module/projects/sweater-weather/app/controllers/background_controller.rb": [
        1,
        1,
        1,
        1,
        null,
        1,
        null,
        null
      ],
      "/Users/sarahlee/turing/3module/projects/sweater-weather/app/serializers/unsplash_serializer.rb": [
        1,
        1,
        1,
        1,
        1,
        null
      ],
      "/Users/sarahlee/turing/3module/projects/sweater-weather/app/models/unsplash.rb": [
        1,
        null,
        1,
        null,
        1,
        1,
        1,
        1,
        null,
        null,
        1,
        1,
        null,
        null
      ],
      "/Users/sarahlee/turing/3module/projects/sweater-weather/app/mailers/application_mailer.rb": [
        0,
        0,
        0,
        0
      ],
      "/Users/sarahlee/turing/3module/projects/sweater-weather/app/serializers/coordinates_serializer.rb": [
        0,
        0,
        0,
        0,
        0,
        0
      ],
      "/Users/sarahlee/turing/3module/projects/sweater-weather/app/jobs/application_job.rb": [
        0,
        0
      ],
      "/Users/sarahlee/turing/3module/projects/sweater-weather/app/helpers/application_helper.rb": [
        0,
        0
      ],
      "/Users/sarahlee/turing/3module/projects/sweater-weather/app/channels/application_cable/connection.rb": [
        0,
        0,
        0,
        0
      ],
      "/Users/sarahlee/turing/3module/projects/sweater-weather/app/channels/application_cable/channel.rb": [
        0,
        0,
        0,
        0
      ]
    },
    "timestamp": 1568775349
  }
}
